EOSIO_NETWORK=telosMainnet node ./scripts/vouch-fix.js true
Telos Mainnet
processing user: acascalheir1
old vouch points:  10
vouch total new:  40
done with user: acascalheir1 =============

processing user: aforest12345
old vouch points:  0
vouch total new:  38
done with user: aforest12345 =============

processing user: agamirecords
old vouch points:  0
vouch total new:  18
done with user: agamirecords =============

processing user: agnessmkawu1
old vouch points:  0
vouch total new:  19
done with user: agnessmkawu1 =============

processing user: aileenmariec
old vouch points:  0
vouch total new:  14
done with user: aileenmariec =============

processing user: alejandromp1
old vouch points:  0
vouch total new:  0
done with user: alejandromp1 =============

processing user: alexcawaxela
old vouch points:  0
vouch total new:  0
done with user: alexcawaxela =============

processing user: alexioticha1
old vouch points:  0
vouch total new:  37
done with user: alexioticha1 =============

processing user: alix11131415
old vouch points:  0
vouch total new:  0
done with user: alix11131415 =============

processing user: allaboutyou1
old vouch points:  16
vouch total new:  50
*** removing  16  points from allaboutyou1
allaboutyou1 has 66 rep points
sub rep for user allaboutyou1, rep amount: 16
done with user: allaboutyou1 =============

processing user: alnaboodah41
old vouch points:  0
vouch total new:  16
done with user: alnaboodah41 =============

processing user: alshehhi3ssh
old vouch points:  0
vouch total new:  50
done with user: alshehhi3ssh =============

processing user: aylamagic215
old vouch points:  0
vouch total new:  0
done with user: aylamagic215 =============

processing user: badmortymans
old vouch points:  0
vouch total new:  0
done with user: badmortymans =============

processing user: barmseekri13
old vouch points:  0
vouch total new:  19
done with user: barmseekri13 =============

processing user: belledemoise
old vouch points:  40
vouch total new:  40
*** removing  30  points from belledemoise
belledemoise has 80 rep points
sub rep for user belledemoise, rep amount: 30
done with user: belledemoise =============

processing user: billflowfarm
old vouch points:  0
vouch total new:  0
done with user: billflowfarm =============

processing user: biodesicoins
old vouch points:  0
vouch total new:  19
done with user: biodesicoins =============

processing user: blessings111
old vouch points:  16
vouch total new:  50
*** removing  16  points from blessings111
blessings111 has 67 rep points
sub rep for user blessings111, rep amount: 16
done with user: blessings111 =============

processing user: blnxbrg11111
old vouch points:  0
vouch total new:  19
done with user: blnxbrg11111 =============

processing user: borib3arlovw
old vouch points:  0
vouch total new:  0
done with user: borib3arlovw =============

processing user: borisbengali
old vouch points:  0
vouch total new:  0
done with user: borisbengali =============

processing user: brigglyjz251
old vouch points:  0
vouch total new:  14
done with user: brigglyjz251 =============

processing user: bwldjrkly211
old vouch points:  0
vouch total new:  15
done with user: bwldjrkly211 =============

processing user: carolinamota
old vouch points:  0
vouch total new:  0
done with user: carolinamota =============

processing user: ccci21terram
old vouch points:  17
vouch total new:  50
*** removing  17  points from ccci21terram
ccci21terram has 67 rep points
sub rep for user ccci21terram, rep amount: 17
done with user: ccci21terram =============

processing user: cesarhm12mad
old vouch points:  0
vouch total new:  18
done with user: cesarhm12mad =============

processing user: chaosurfer23
old vouch points:  0
vouch total new:  0
done with user: chaosurfer23 =============

processing user: chiaradegiac
old vouch points:  0
vouch total new:  39
done with user: chiaradegiac =============

processing user: chibandac221
old vouch points:  0
vouch total new:  50
done with user: chibandac221 =============

processing user: christaseeds
old vouch points:  40
vouch total new:  50
*** removing  40  points from christaseeds
christaseeds has 90 rep points
sub rep for user christaseeds, rep amount: 40
done with user: christaseeds =============

processing user: chrsseedsacc
old vouch points:  0
vouch total new:  0
done with user: chrsseedsacc =============

processing user: cocococoh444
old vouch points:  0
vouch total new:  0
done with user: cocococoh444 =============

processing user: colecp154125
old vouch points:  0
vouch total new:  34
done with user: colecp154125 =============

processing user: coreyjdng245
old vouch points:  0
vouch total new:  38
done with user: coreyjdng245 =============

processing user: crystalseeds
old vouch points:  0
vouch total new:  39
done with user: crystalseeds =============

processing user: csxmctpwa431
old vouch points:  0
vouch total new:  39
done with user: csxmctpwa431 =============

processing user: daansteller1
old vouch points:  0
vouch total new:  40
done with user: daansteller1 =============

processing user: dakotakaiser
old vouch points:  0
vouch total new:  50
done with user: dakotakaiser =============

processing user: dancingseeds
old vouch points:  0
vouch total new:  17
done with user: dancingseeds =============

processing user: danujess2222
old vouch points:  0
vouch total new:  19
done with user: danujess2222 =============

processing user: davidbloom24
old vouch points:  0
vouch total new:  0
done with user: davidbloom24 =============

processing user: davidmangwe1
old vouch points:  0
vouch total new:  19
done with user: davidmangwe1 =============

processing user: donatamaria1
old vouch points:  0
vouch total new:  50
done with user: donatamaria1 =============

processing user: dustydigital
old vouch points:  0
vouch total new:  0
done with user: dustydigital =============

processing user: dweearthltda
old vouch points:  0
vouch total new:  40
done with user: dweearthltda =============

processing user: eddyaugusto5
old vouch points:  0
vouch total new:  19
done with user: eddyaugusto5 =============

processing user: edgushungo12
old vouch points:  0
vouch total new:  50
done with user: edgushungo12 =============

processing user: edwardwhq111
old vouch points:  0
vouch total new:  38
done with user: edwardwhq111 =============

processing user: efrnijktt245
old vouch points:  0
vouch total new:  14
done with user: efrnijktt245 =============

processing user: elinsypdc422
old vouch points:  0
vouch total new:  0
done with user: elinsypdc422 =============

processing user: elisajftg255
old vouch points:  0
vouch total new:  0
done with user: elisajftg255 =============

processing user: emiloerumeng
old vouch points:  0
vouch total new:  19
done with user: emiloerumeng =============

processing user: explorerseed
old vouch points:  0
vouch total new:  40
done with user: explorerseed =============

processing user: f123bnnnnnnn
old vouch points:  0
vouch total new:  16
done with user: f123bnnnnnnn =============

processing user: fedefont2121
old vouch points:  0
vouch total new:  18
done with user: fedefont2121 =============

processing user: firebolt1234
old vouch points:  0
vouch total new:  0
done with user: firebolt1234 =============

processing user: flowninja111
old vouch points:  0
vouch total new:  15
done with user: flowninja111 =============

processing user: freddnuck311
old vouch points:  39
vouch total new:  50
*** removing  39  points from freddnuck311
freddnuck311 has 89 rep points
sub rep for user freddnuck311, rep amount: 39
done with user: freddnuck311 =============

processing user: funkybrentos
old vouch points:  0
vouch total new:  19
done with user: funkybrentos =============

processing user: gaiagame2121
old vouch points:  16
vouch total new:  40
*** removing  6  points from gaiagame2121
gaiagame2121 has 56 rep points
sub rep for user gaiagame2121, rep amount: 6
done with user: gaiagame2121 =============

processing user: geschichten1
old vouch points:  40
vouch total new:  50
*** removing  40  points from geschichten1
geschichten1 has 90 rep points
sub rep for user geschichten1, rep amount: 40
done with user: geschichten1 =============

processing user: hadrienseeds
old vouch points:  0
vouch total new:  0
done with user: hadrienseeds =============

processing user: hagbard23232
old vouch points:  0
vouch total new:  19
done with user: hagbard23232 =============

processing user: hedjesim1515
old vouch points:  0
vouch total new:  19
done with user: hedjesim1515 =============

processing user: iamgrateful2
old vouch points:  0
vouch total new:  39
done with user: iamgrateful2 =============

processing user: iloverusty12
old vouch points:  0
vouch total new:  37
done with user: iloverusty12 =============

processing user: iraentwine24
old vouch points:  0
vouch total new:  50
done with user: iraentwine24 =============

processing user: itjeplayseed
old vouch points:  0
vouch total new:  50
done with user: itjeplayseed =============

processing user: j4sk4seeds44
old vouch points:  0
vouch total new:  37
done with user: j4sk4seeds44 =============

processing user: jakeflowfarm
old vouch points:  0
vouch total new:  50
done with user: jakeflowfarm =============

processing user: jakopieterse
old vouch points:  0
vouch total new:  0
done with user: jakopieterse =============

processing user: janethuli445
old vouch points:  0
vouch total new:  14
done with user: janethuli445 =============

processing user: javixofkf411
old vouch points:  0
vouch total new:  0
done with user: javixofkf411 =============

processing user: jennygrace11
old vouch points:  0
vouch total new:  0
done with user: jennygrace11 =============

processing user: jerashfam124
old vouch points:  0
vouch total new:  50
done with user: jerashfam124 =============

processing user: jmichaelsims
old vouch points:  0
vouch total new:  0
done with user: jmichaelsims =============

processing user: joebabycarro
old vouch points:  0
vouch total new:  14
done with user: joebabycarro =============

processing user: johncitoquad
old vouch points:  0
vouch total new:  15
done with user: johncitoquad =============

processing user: jpgaiavisual
old vouch points:  0
vouch total new:  38
done with user: jpgaiavisual =============

processing user: jterranseeds
old vouch points:  0
vouch total new:  37
done with user: jterranseeds =============

processing user: kapishdutta1
old vouch points:  39
vouch total new:  50
*** removing  39  points from kapishdutta1
kapishdutta1 has 89 rep points
sub rep for user kapishdutta1, rep amount: 39
done with user: kapishdutta1 =============

processing user: kappudutta12
old vouch points:  0
vouch total new:  19
done with user: kappudutta12 =============

processing user: kcfrockts211
old vouch points:  0
vouch total new:  50
done with user: kcfrockts211 =============

processing user: kendraman111
old vouch points:  37
vouch total new:  50
*** removing  37  points from kendraman111
kendraman111 has 87 rep points
sub rep for user kendraman111, rep amount: 37
done with user: kendraman111 =============

processing user: klozzseeds21
old vouch points:  0
vouch total new:  0
done with user: klozzseeds21 =============

processing user: kristina1111
old vouch points:  0
vouch total new:  37
done with user: kristina1111 =============

processing user: kunasnature4
old vouch points:  0
vouch total new:  39
done with user: kunasnature4 =============

processing user: kwizrak55555
old vouch points:  0
vouch total new:  19
done with user: kwizrak55555 =============

processing user: lalagardens1
old vouch points:  0
vouch total new:  15
done with user: lalagardens1 =============

processing user: laslovelight
old vouch points:  0
vouch total new:  0
done with user: laslovelight =============

processing user: laureltreees
old vouch points:  0
vouch total new:  18
done with user: laureltreees =============

processing user: libmonetair3
old vouch points:  0
vouch total new:  38
done with user: libmonetair3 =============

processing user: lifeisgooood
old vouch points:  0
vouch total new:  18
done with user: lifeisgooood =============

processing user: lilsuprdngrs
old vouch points:  0
vouch total new:  0
done with user: lilsuprdngrs =============

processing user: lindaandrews
old vouch points:  10
vouch total new:  50
*** removing  10  points from lindaandrews
lindaandrews has 60 rep points
sub rep for user lindaandrews, rep amount: 10
done with user: lindaandrews =============

processing user: linekeheus55
old vouch points:  38
vouch total new:  50
*** removing  38  points from linekeheus55
linekeheus55 has 88 rep points
sub rep for user linekeheus55, rep amount: 38
done with user: linekeheus55 =============

processing user: litebeam1111
old vouch points:  0
vouch total new:  15
done with user: litebeam1111 =============

processing user: littlebird33
old vouch points:  0
vouch total new:  0
done with user: littlebird33 =============

processing user: liviopkdh135
old vouch points:  0
vouch total new:  39
done with user: liviopkdh135 =============

processing user: lonewolfmoon
old vouch points:  0
vouch total new:  0
done with user: lonewolfmoon =============

processing user: lucredevrims
old vouch points:  0
vouch total new:  18
done with user: lucredevrims =============

processing user: luiseduardog
old vouch points:  0
vouch total new:  50
done with user: luiseduardog =============

processing user: m2ocommunity
old vouch points:  38
vouch total new:  39
*** removing  27  points from m2ocommunity
m2ocommunity has 77 rep points
sub rep for user m2ocommunity, rep amount: 27
done with user: m2ocommunity =============

processing user: malqubaisi21
old vouch points:  0
vouch total new:  0
done with user: malqubaisi21 =============

processing user: marilegacy1o
old vouch points:  0
vouch total new:  50
done with user: marilegacy1o =============

processing user: marshalneyer
old vouch points:  40
vouch total new:  50
*** removing  40  points from marshalneyer
marshalneyer has 90 rep points
sub rep for user marshalneyer, rep amount: 40
done with user: marshalneyer =============

processing user: mathieuouell
old vouch points:  0
vouch total new:  18
done with user: mathieuouell =============

processing user: maudtonha111
old vouch points:  16
vouch total new:  50
*** removing  16  points from maudtonha111
maudtonha111 has 66 rep points
sub rep for user maudtonha111, rep amount: 16
done with user: maudtonha111 =============

processing user: mcmichael123
old vouch points:  0
vouch total new:  18
done with user: mcmichael123 =============

processing user: missviolet11
old vouch points:  0
vouch total new:  0
done with user: missviolet11 =============

processing user: mjantunez525
old vouch points:  0
vouch total new:  19
done with user: mjantunez525 =============

processing user: mjlixmshn245
old vouch points:  39
vouch total new:  40
*** removing  29  points from mjlixmshn245
mjlixmshn245 has 79 rep points
sub rep for user mjlixmshn245, rep amount: 29
done with user: mjlixmshn245 =============

processing user: mohamedbadr1
old vouch points:  0
vouch total new:  0
done with user: mohamedbadr1 =============

processing user: moonsongferg
old vouch points:  0
vouch total new:  0
done with user: moonsongferg =============

processing user: mrewanyasha1
old vouch points:  0
vouch total new:  50
done with user: mrewanyasha1 =============

processing user: mrtinashe111
old vouch points:  16
vouch total new:  40
*** removing  6  points from mrtinashe111
mrtinashe111 has 56 rep points
sub rep for user mrtinashe111, rep amount: 6
done with user: mrtinashe111 =============

processing user: niculflor114
old vouch points:  0
vouch total new:  18
done with user: niculflor114 =============

processing user: nikolapelusa
old vouch points:  0
vouch total new:  0
done with user: nikolapelusa =============

processing user: omaradrian15
old vouch points:  0
vouch total new:  0
done with user: omaradrian15 =============

processing user: oomseedlings
old vouch points:  0
vouch total new:  0
done with user: oomseedlings =============

processing user: oscarlauterb
old vouch points:  35
vouch total new:  50
*** removing  35  points from oscarlauterb
oscarlauterb has 85 rep points
sub rep for user oscarlauterb, rep amount: 35
done with user: oscarlauterb =============

processing user: paulhynek132
old vouch points:  0
vouch total new:  0
done with user: paulhynek132 =============

processing user: perl3sagesse
old vouch points:  0
vouch total new:  38
done with user: perl3sagesse =============

processing user: permacultur4
old vouch points:  0
vouch total new:  0
done with user: permacultur4 =============

processing user: peterliseeds
old vouch points:  0
vouch total new:  39
done with user: peterliseeds =============

processing user: physicsoscar
old vouch points:  0
vouch total new:  0
done with user: physicsoscar =============

processing user: radergalb523
old vouch points:  0
vouch total new:  37
done with user: radergalb523 =============

processing user: raviresck123
old vouch points:  0
vouch total new:  37
done with user: raviresck123 =============

processing user: realifexapps
old vouch points:  0
vouch total new:  40
done with user: realifexapps =============

processing user: rebeccasseed
old vouch points:  0
vouch total new:  19
done with user: rebeccasseed =============

processing user: regeneratego
old vouch points:  0
vouch total new:  19
done with user: regeneratego =============

processing user: rmmakamure15
old vouch points:  0
vouch total new:  16
done with user: rmmakamure15 =============

processing user: rosefromdirt
old vouch points:  0
vouch total new:  50
done with user: rosefromdirt =============

processing user: seeeeeeeeedz
old vouch points:  0
vouch total new:  0
done with user: seeeeeeeeedz =============

processing user: semillaseeds
old vouch points:  0
vouch total new:  0
done with user: semillaseeds =============

processing user: smoothrivers
old vouch points:  0
vouch total new:  0
done with user: smoothrivers =============

processing user: sophiequad11
old vouch points:  0
vouch total new:  0
done with user: sophiequad11 =============

processing user: srleitheiser
old vouch points:  0
vouch total new:  18
done with user: srleitheiser =============

processing user: terrence5555
old vouch points:  0
vouch total new:  50
done with user: terrence5555 =============

processing user: thaynames144
old vouch points:  0
vouch total new:  38
done with user: thaynames144 =============

processing user: thefarlander
old vouch points:  0
vouch total new:  37
done with user: thefarlander =============

processing user: thomaskoch11
old vouch points:  38
vouch total new:  39
*** removing  27  points from thomaskoch11
thomaskoch11 has 77 rep points
sub rep for user thomaskoch11, rep amount: 27
done with user: thomaskoch11 =============

processing user: tiboschmitt1
old vouch points:  0
vouch total new:  0
done with user: tiboschmitt1 =============

processing user: tichafaseeds
old vouch points:  0
vouch total new:  50
done with user: tichafaseeds =============

processing user: tichareva513
old vouch points:  0
vouch total new:  37
done with user: tichareva513 =============

processing user: tobycitoquad
old vouch points:  0
vouch total new:  15
done with user: tobycitoquad =============

processing user: trillium1111
old vouch points:  0
vouch total new:  14
done with user: trillium1111 =============

processing user: uptop1jagged
old vouch points:  0
vouch total new:  0
done with user: uptop1jagged =============

processing user: vedant531531
old vouch points:  0
vouch total new:  38
done with user: vedant531531 =============

processing user: violarose111
old vouch points:  0
vouch total new:  16
done with user: violarose111 =============

processing user: wilsonbiw255
old vouch points:  0
vouch total new:  0
done with user: wilsonbiw255 =============

processing user: zaffiromahli
old vouch points:  0
vouch total new:  0
done with user: zaffiromahli =============

processing user: zaykidimitri
old vouch points:  0
vouch total new:  0
done with user: zaykidimitri =============

processing user: zegilias1234
old vouch points:  17
vouch total new:  40
*** removing  7  points from zegilias1234
zegilias1234 has 57 rep points
sub rep for user zegilias1234, rep amount: 7
done with user: zegilias1234 =============
